Performing C SOURCE FILE Test HAVE_GCC_PREFERRED_STACK_BOUNDARY failed with the following output:
Change Dir: /tmp/hjo/dependencies/SDL2/build/CMakeFiles/CMakeTmp

Run Build Command:"/usr/bin/make" "cmTC_00c92/fast"
/Library/Developer/CommandLineTools/usr/bin/make -f CMakeFiles/cmTC_00c92.dir/build.make CMakeFiles/cmTC_00c92.dir/build
Building C object CMakeFiles/cmTC_00c92.dir/src.c.o
/Library/Developer/CommandLineTools/usr/bin/cc   -g -O3 -idirafter /tmp/hjo/dependencies/SDL2/src/video/khronos -DHAVE_GCC_PREFERRED_STACK_BOUNDARY -mpreferred-stack-boundary=2   -o CMakeFiles/cmTC_00c92.dir/src.c.o   -c /tmp/hjo/dependencies/SDL2/build/CMakeFiles/CMakeTmp/src.c
clang: error: unknown argument: '-mpreferred-stack-boundary=2'
make[2]: *** [CMakeFiles/cmTC_00c92.dir/src.c.o] Error 1
make[1]: *** [cmTC_00c92/fast] Error 2

Source file was:
int x = 0; int main(int argc, char **argv) {}
Performing C SOURCE FILE Test HAVE_ALTIVEC_H_HDR failed with the following output:
Change Dir: /tmp/hjo/dependencies/SDL2/build/CMakeFiles/CMakeTmp

Run Build Command:"/usr/bin/make" "cmTC_32290/fast"
/Library/Developer/CommandLineTools/usr/bin/make -f CMakeFiles/cmTC_32290.dir/build.make CMakeFiles/cmTC_32290.dir/build
Building C object CMakeFiles/cmTC_32290.dir/src.c.o
/Library/Developer/CommandLineTools/usr/bin/cc   -g -O3 -idirafter /tmp/hjo/dependencies/SDL2/src/video/khronos -DHAVE_ALTIVEC_H_HDR -maltivec   -o CMakeFiles/cmTC_32290.dir/src.c.o   -c /tmp/hjo/dependencies/SDL2/build/CMakeFiles/CMakeTmp/src.c
clang: warning: argument unused during compilation: '-maltivec' [-Wunused-command-line-argument]
In file included from /tmp/hjo/dependencies/SDL2/build/CMakeFiles/CMakeTmp/src.c:2:
/Library/Developer/CommandLineTools/usr/lib/clang/9.1.0/include/altivec.h:27:2: error: "AltiVec support not enabled"
#error "AltiVec support not enabled"
 ^
/Library/Developer/CommandLineTools/usr/lib/clang/9.1.0/include/altivec.h:62:19: error: unknown type name 'vector'
static __inline__ vector signed char __ATTRS_o_ai vec_perm(
                  ^
/Library/Developer/CommandLineTools/usr/lib/clang/9.1.0/include/altivec.h:62:26: error: expected identifier or '('
static __inline__ vector signed char __ATTRS_o_ai vec_perm(
                         ^
/Library/Developer/CommandLineTools/usr/lib/clang/9.1.0/include/altivec.h:65:19: error: unknown type name 'vector'
static __inline__ vector unsigned char __ATTRS_o_ai
                  ^
/Library/Developer/CommandLineTools/usr/lib/clang/9.1.0/include/altivec.h:65:26: error: expected identifier or '('
static __inline__ vector unsigned char __ATTRS_o_ai
                         ^
/Library/Developer/CommandLineTools/usr/lib/clang/9.1.0/include/altivec.h:69:19: error: unknown type name 'vector'
static __inline__ vector bool char __ATTRS_o_ai
                  ^
/Library/Developer/CommandLineTools/usr/lib/clang/9.1.0/include/altivec.h:69:8: error: 'inline' can only appear on functions
static __inline__ vector bool char __ATTRS_o_ai
       ^
/Library/Developer/CommandLineTools/usr/lib/clang/9.1.0/include/altivec.h:69:30: error: expected ';' after top level declarator
static __inline__ vector bool char __ATTRS_o_ai
                             ^
/Library/Developer/CommandLineTools/usr/lib/clang/9.1.0/include/altivec.h:70:10: error: unknown type name 'vector'
vec_perm(vector bool char __a, vector bool char __b, vector unsigned char __c);
         ^
/Library/Developer/CommandLineTools/usr/lib/clang/9.1.0/include/altivec.h:70:22: error: expected ')'
vec_perm(vector bool char __a, vector bool char __b, vector unsigned char __c);
                     ^
/Library/Developer/CommandLineTools/usr/lib/clang/9.1.0/include/altivec.h:70:9: note: to match this '('
vec_perm(vector bool char __a, vector bool char __b, vector unsigned char __c);
        ^
/Library/Developer/CommandLineTools/usr/lib/clang/9.1.0/include/altivec.h:72:19: error: unknown type name 'vector'
static __inline__ vector short __ATTRS_o_ai vec_perm(vector signed short __a,
                  ^
/Library/Developer/CommandLineTools/usr/lib/clang/9.1.0/include/altivec.h:72:26: error: expected identifier or '('
static __inline__ vector short __ATTRS_o_ai vec_perm(vector signed short __a,
                         ^
/Library/Developer/CommandLineTools/usr/lib/clang/9.1.0/include/altivec.h:76:19: error: unknown type name 'vector'
static __inline__ vector unsigned short __ATTRS_o_ai
                  ^
/Library/Developer/CommandLineTools/usr/lib/clang/9.1.0/include/altivec.h:76:26: error: expected identifier or '('
static __inline__ vector unsigned short __ATTRS_o_ai
                         ^
/Library/Developer/CommandLineTools/usr/lib/clang/9.1.0/include/altivec.h:80:19: error: unknown type name 'vector'
static __inline__ vector bool short __ATTRS_o_ai vec_perm(
                  ^
/Library/Developer/CommandLineTools/usr/lib/clang/9.1.0/include/altivec.h:80:8: error: 'inline' can only appear on functions
static __inline__ vector bool short __ATTRS_o_ai vec_perm(
       ^
/Library/Developer/CommandLineTools/usr/lib/clang/9.1.0/include/altivec.h:80:30: error: expected ';' after top level declarator
static __inline__ vector bool short __ATTRS_o_ai vec_perm(
                             ^
/Library/Developer/CommandLineTools/usr/lib/clang/9.1.0/include/altivec.h:81:5: error: unknown type name 'vector'
    vector bool short __a, vector bool short __b, vector unsigned char __c);
    ^
/Library/Developer/CommandLineTools/usr/lib/clang/9.1.0/include/altivec.h:81:17: error: expected ')'
    vector bool short __a, vector bool short __b, vector unsigned char __c);
                ^
/Library/Developer/CommandLineTools/usr/lib/clang/9.1.0/include/altivec.h:80:58: note: to match this '('
static __inline__ vector bool short __ATTRS_o_ai vec_perm(
                                                         ^
fatal error: too many errors emitted, stopping now [-ferror-limit=]
20 errors generated.
make[2]: *** [CMakeFiles/cmTC_32290.dir/src.c.o] Error 1
make[1]: *** [cmTC_32290/fast] Error 2

Source file was:

          #include <altivec.h>
          vector unsigned int vzero() {
              return vec_splat_u32(0);
          }
          int main(int argc, char **argv) { }
Performing C SOURCE FILE Test HAVE_ALTIVEC failed with the following output:
Change Dir: /tmp/hjo/dependencies/SDL2/build/CMakeFiles/CMakeTmp

Run Build Command:"/usr/bin/make" "cmTC_76ae8/fast"
/Library/Developer/CommandLineTools/usr/bin/make -f CMakeFiles/cmTC_76ae8.dir/build.make CMakeFiles/cmTC_76ae8.dir/build
Building C object CMakeFiles/cmTC_76ae8.dir/src.c.o
/Library/Developer/CommandLineTools/usr/bin/cc   -g -O3 -idirafter /tmp/hjo/dependencies/SDL2/src/video/khronos -DHAVE_ALTIVEC -maltivec   -o CMakeFiles/cmTC_76ae8.dir/src.c.o   -c /tmp/hjo/dependencies/SDL2/build/CMakeFiles/CMakeTmp/src.c
clang: warning: argument unused during compilation: '-maltivec' [-Wunused-command-line-argument]
/tmp/hjo/dependencies/SDL2/build/CMakeFiles/CMakeTmp/src.c:2:11: error: unknown type name 'vector'
          vector unsigned int vzero() {
          ^
/tmp/hjo/dependencies/SDL2/build/CMakeFiles/CMakeTmp/src.c:2:18: error: expected identifier or '('
          vector unsigned int vzero() {
                 ^
2 errors generated.
make[2]: *** [CMakeFiles/cmTC_76ae8.dir/src.c.o] Error 1
make[1]: *** [cmTC_76ae8/fast] Error 2

Source file was:

          vector unsigned int vzero() {
              return vec_splat_u32(0);
          }
          int main(int argc, char **argv) { }
Determining if the include file malloc.h exists failed with the following output:
Change Dir: /tmp/hjo/dependencies/SDL2/build/CMakeFiles/CMakeTmp

Run Build Command:"/usr/bin/make" "cmTC_a4416/fast"
/Library/Developer/CommandLineTools/usr/bin/make -f CMakeFiles/cmTC_a4416.dir/build.make CMakeFiles/cmTC_a4416.dir/build
Building C object CMakeFiles/cmTC_a4416.dir/CheckIncludeFile.c.o
/Library/Developer/CommandLineTools/usr/bin/cc   -g -O3 -idirafter /tmp/hjo/dependencies/SDL2/src/video/khronos    -o CMakeFiles/cmTC_a4416.dir/CheckIncludeFile.c.o   -c /tmp/hjo/dependencies/SDL2/build/CMakeFiles/CMakeTmp/CheckIncludeFile.c
/tmp/hjo/dependencies/SDL2/build/CMakeFiles/CMakeTmp/CheckIncludeFile.c:1:10: fatal error: 'malloc.h' file not found
#include <malloc.h>
         ^~~~~~~~~~
1 error generated.
make[2]: *** [CMakeFiles/cmTC_a4416.dir/CheckIncludeFile.c.o] Error 1
make[1]: *** [cmTC_a4416/fast] Error 2


Determining if the function _strrev exists failed with the following output:
Change Dir: /tmp/hjo/dependencies/SDL2/build/CMakeFiles/CMakeTmp

Run Build Command:"/usr/bin/make" "cmTC_397ae/fast"
/Library/Developer/CommandLineTools/usr/bin/make -f CMakeFiles/cmTC_397ae.dir/build.make CMakeFiles/cmTC_397ae.dir/build
Building C object CMakeFiles/cmTC_397ae.dir/CheckFunctionExists.c.o
/Library/Developer/CommandLineTools/usr/bin/cc   -g -O3 -idirafter /tmp/hjo/dependencies/SDL2/src/video/khronos -DCHECK_FUNCTION_EXISTS=_strrev   -o CMakeFiles/cmTC_397ae.dir/CheckFunctionExists.c.o   -c /nfs/2018/h/hjo/.brew/Cellar/cmake/3.12.3/share/cmake/Modules/CheckFunctionExists.c
Linking C executable cmTC_397ae
/nfs/2018/h/hjo/.brew/Cellar/cmake/3.12.3/bin/cmake -E cmake_link_script CMakeFiles/cmTC_397ae.dir/link.txt --verbose=1
/Library/Developer/CommandLineTools/usr/bin/cc -g -O3 -idirafter /tmp/hjo/dependencies/SDL2/src/video/khronos -DCHECK_FUNCTION_EXISTS=_strrev -Wl,-search_paths_first -Wl,-headerpad_max_install_names   CMakeFiles/cmTC_397ae.dir/CheckFunctionExists.c.o  -o cmTC_397ae 
Undefined symbols for architecture x86_64:
  "__strrev", referenced from:
      _main in CheckFunctionExists.c.o
ld: symbol(s) not found for architecture x86_64
clang: error: linker command failed with exit code 1 (use -v to see invocation)
make[2]: *** [cmTC_397ae] Error 1
make[1]: *** [cmTC_397ae/fast] Error 2


Determining if the function _strupr exists failed with the following output:
Change Dir: /tmp/hjo/dependencies/SDL2/build/CMakeFiles/CMakeTmp

Run Build Command:"/usr/bin/make" "cmTC_457a7/fast"
/Library/Developer/CommandLineTools/usr/bin/make -f CMakeFiles/cmTC_457a7.dir/build.make CMakeFiles/cmTC_457a7.dir/build
Building C object CMakeFiles/cmTC_457a7.dir/CheckFunctionExists.c.o
/Library/Developer/CommandLineTools/usr/bin/cc   -g -O3 -idirafter /tmp/hjo/dependencies/SDL2/src/video/khronos -DCHECK_FUNCTION_EXISTS=_strupr   -o CMakeFiles/cmTC_457a7.dir/CheckFunctionExists.c.o   -c /nfs/2018/h/hjo/.brew/Cellar/cmake/3.12.3/share/cmake/Modules/CheckFunctionExists.c
Linking C executable cmTC_457a7
/nfs/2018/h/hjo/.brew/Cellar/cmake/3.12.3/bin/cmake -E cmake_link_script CMakeFiles/cmTC_457a7.dir/link.txt --verbose=1
/Library/Developer/CommandLineTools/usr/bin/cc -g -O3 -idirafter /tmp/hjo/dependencies/SDL2/src/video/khronos -DCHECK_FUNCTION_EXISTS=_strupr -Wl,-search_paths_first -Wl,-headerpad_max_install_names   CMakeFiles/cmTC_457a7.dir/CheckFunctionExists.c.o  -o cmTC_457a7 
Undefined symbols for architecture x86_64:
  "__strupr", referenced from:
      _main in CheckFunctionExists.c.o
ld: symbol(s) not found for architecture x86_64
clang: error: linker command failed with exit code 1 (use -v to see invocation)
make[2]: *** [cmTC_457a7] Error 1
make[1]: *** [cmTC_457a7/fast] Error 2


Determining if the function _strlwr exists failed with the following output:
Change Dir: /tmp/hjo/dependencies/SDL2/build/CMakeFiles/CMakeTmp

Run Build Command:"/usr/bin/make" "cmTC_65ae8/fast"
/Library/Developer/CommandLineTools/usr/bin/make -f CMakeFiles/cmTC_65ae8.dir/build.make CMakeFiles/cmTC_65ae8.dir/build
Building C object CMakeFiles/cmTC_65ae8.dir/CheckFunctionExists.c.o
/Library/Developer/CommandLineTools/usr/bin/cc   -g -O3 -idirafter /tmp/hjo/dependencies/SDL2/src/video/khronos -DCHECK_FUNCTION_EXISTS=_strlwr   -o CMakeFiles/cmTC_65ae8.dir/CheckFunctionExists.c.o   -c /nfs/2018/h/hjo/.brew/Cellar/cmake/3.12.3/share/cmake/Modules/CheckFunctionExists.c
Linking C executable cmTC_65ae8
/nfs/2018/h/hjo/.brew/Cellar/cmake/3.12.3/bin/cmake -E cmake_link_script CMakeFiles/cmTC_65ae8.dir/link.txt --verbose=1
/Library/Developer/CommandLineTools/usr/bin/cc -g -O3 -idirafter /tmp/hjo/dependencies/SDL2/src/video/khronos -DCHECK_FUNCTION_EXISTS=_strlwr -Wl,-search_paths_first -Wl,-headerpad_max_install_names   CMakeFiles/cmTC_65ae8.dir/CheckFunctionExists.c.o  -o cmTC_65ae8 
Undefined symbols for architecture x86_64:
  "__strlwr", referenced from:
      _main in CheckFunctionExists.c.o
ld: symbol(s) not found for architecture x86_64
clang: error: linker command failed with exit code 1 (use -v to see invocation)
make[2]: *** [cmTC_65ae8] Error 1
make[1]: *** [cmTC_65ae8/fast] Error 2


Determining if the function itoa exists failed with the following output:
Change Dir: /tmp/hjo/dependencies/SDL2/build/CMakeFiles/CMakeTmp

Run Build Command:"/usr/bin/make" "cmTC_ae39b/fast"
/Library/Developer/CommandLineTools/usr/bin/make -f CMakeFiles/cmTC_ae39b.dir/build.make CMakeFiles/cmTC_ae39b.dir/build
Building C object CMakeFiles/cmTC_ae39b.dir/CheckFunctionExists.c.o
/Library/Developer/CommandLineTools/usr/bin/cc   -g -O3 -idirafter /tmp/hjo/dependencies/SDL2/src/video/khronos -DCHECK_FUNCTION_EXISTS=itoa   -o CMakeFiles/cmTC_ae39b.dir/CheckFunctionExists.c.o   -c /nfs/2018/h/hjo/.brew/Cellar/cmake/3.12.3/share/cmake/Modules/CheckFunctionExists.c
Linking C executable cmTC_ae39b
/nfs/2018/h/hjo/.brew/Cellar/cmake/3.12.3/bin/cmake -E cmake_link_script CMakeFiles/cmTC_ae39b.dir/link.txt --verbose=1
/Library/Developer/CommandLineTools/usr/bin/cc -g -O3 -idirafter /tmp/hjo/dependencies/SDL2/src/video/khronos -DCHECK_FUNCTION_EXISTS=itoa -Wl,-search_paths_first -Wl,-headerpad_max_install_names   CMakeFiles/cmTC_ae39b.dir/CheckFunctionExists.c.o  -o cmTC_ae39b 
Undefined symbols for architecture x86_64:
  "_itoa", referenced from:
      _main in CheckFunctionExists.c.o
ld: symbol(s) not found for architecture x86_64
clang: error: linker command failed with exit code 1 (use -v to see invocation)
make[2]: *** [cmTC_ae39b] Error 1
make[1]: *** [cmTC_ae39b/fast] Error 2


Determining if the function _ltoa exists failed with the following output:
Change Dir: /tmp/hjo/dependencies/SDL2/build/CMakeFiles/CMakeTmp

Run Build Command:"/usr/bin/make" "cmTC_c8c3e/fast"
/Library/Developer/CommandLineTools/usr/bin/make -f CMakeFiles/cmTC_c8c3e.dir/build.make CMakeFiles/cmTC_c8c3e.dir/build
Building C object CMakeFiles/cmTC_c8c3e.dir/CheckFunctionExists.c.o
/Library/Developer/CommandLineTools/usr/bin/cc   -g -O3 -idirafter /tmp/hjo/dependencies/SDL2/src/video/khronos -DCHECK_FUNCTION_EXISTS=_ltoa   -o CMakeFiles/cmTC_c8c3e.dir/CheckFunctionExists.c.o   -c /nfs/2018/h/hjo/.brew/Cellar/cmake/3.12.3/share/cmake/Modules/CheckFunctionExists.c
Linking C executable cmTC_c8c3e
/nfs/2018/h/hjo/.brew/Cellar/cmake/3.12.3/bin/cmake -E cmake_link_script CMakeFiles/cmTC_c8c3e.dir/link.txt --verbose=1
/Library/Developer/CommandLineTools/usr/bin/cc -g -O3 -idirafter /tmp/hjo/dependencies/SDL2/src/video/khronos -DCHECK_FUNCTION_EXISTS=_ltoa -Wl,-search_paths_first -Wl,-headerpad_max_install_names   CMakeFiles/cmTC_c8c3e.dir/CheckFunctionExists.c.o  -o cmTC_c8c3e 
Undefined symbols for architecture x86_64:
  "__ltoa", referenced from:
      _main in CheckFunctionExists.c.o
ld: symbol(s) not found for architecture x86_64
clang: error: linker command failed with exit code 1 (use -v to see invocation)
make[2]: *** [cmTC_c8c3e] Error 1
make[1]: *** [cmTC_c8c3e/fast] Error 2


Determining if the function _uitoa exists failed with the following output:
Change Dir: /tmp/hjo/dependencies/SDL2/build/CMakeFiles/CMakeTmp

Run Build Command:"/usr/bin/make" "cmTC_c3881/fast"
/Library/Developer/CommandLineTools/usr/bin/make -f CMakeFiles/cmTC_c3881.dir/build.make CMakeFiles/cmTC_c3881.dir/build
Building C object CMakeFiles/cmTC_c3881.dir/CheckFunctionExists.c.o
/Library/Developer/CommandLineTools/usr/bin/cc   -g -O3 -idirafter /tmp/hjo/dependencies/SDL2/src/video/khronos -DCHECK_FUNCTION_EXISTS=_uitoa   -o CMakeFiles/cmTC_c3881.dir/CheckFunctionExists.c.o   -c /nfs/2018/h/hjo/.brew/Cellar/cmake/3.12.3/share/cmake/Modules/CheckFunctionExists.c
Linking C executable cmTC_c3881
/nfs/2018/h/hjo/.brew/Cellar/cmake/3.12.3/bin/cmake -E cmake_link_script CMakeFiles/cmTC_c3881.dir/link.txt --verbose=1
/Library/Developer/CommandLineTools/usr/bin/cc -g -O3 -idirafter /tmp/hjo/dependencies/SDL2/src/video/khronos -DCHECK_FUNCTION_EXISTS=_uitoa -Wl,-search_paths_first -Wl,-headerpad_max_install_names   CMakeFiles/cmTC_c3881.dir/CheckFunctionExists.c.o  -o cmTC_c3881 
Undefined symbols for architecture x86_64:
  "__uitoa", referenced from:
      _main in CheckFunctionExists.c.o
ld: symbol(s) not found for architecture x86_64
clang: error: linker command failed with exit code 1 (use -v to see invocation)
make[2]: *** [cmTC_c3881] Error 1
make[1]: *** [cmTC_c3881/fast] Error 2


Determining if the function _ultoa exists failed with the following output:
Change Dir: /tmp/hjo/dependencies/SDL2/build/CMakeFiles/CMakeTmp

Run Build Command:"/usr/bin/make" "cmTC_72132/fast"
/Library/Developer/CommandLineTools/usr/bin/make -f CMakeFiles/cmTC_72132.dir/build.make CMakeFiles/cmTC_72132.dir/build
Building C object CMakeFiles/cmTC_72132.dir/CheckFunctionExists.c.o
/Library/Developer/CommandLineTools/usr/bin/cc   -g -O3 -idirafter /tmp/hjo/dependencies/SDL2/src/video/khronos -DCHECK_FUNCTION_EXISTS=_ultoa   -o CMakeFiles/cmTC_72132.dir/CheckFunctionExists.c.o   -c /nfs/2018/h/hjo/.brew/Cellar/cmake/3.12.3/share/cmake/Modules/CheckFunctionExists.c
Linking C executable cmTC_72132
/nfs/2018/h/hjo/.brew/Cellar/cmake/3.12.3/bin/cmake -E cmake_link_script CMakeFiles/cmTC_72132.dir/link.txt --verbose=1
/Library/Developer/CommandLineTools/usr/bin/cc -g -O3 -idirafter /tmp/hjo/dependencies/SDL2/src/video/khronos -DCHECK_FUNCTION_EXISTS=_ultoa -Wl,-search_paths_first -Wl,-headerpad_max_install_names   CMakeFiles/cmTC_72132.dir/CheckFunctionExists.c.o  -o cmTC_72132 
Undefined symbols for architecture x86_64:
  "__ultoa", referenced from:
      _main in CheckFunctionExists.c.o
ld: symbol(s) not found for architecture x86_64
clang: error: linker command failed with exit code 1 (use -v to see invocation)
make[2]: *** [cmTC_72132] Error 1
make[1]: *** [cmTC_72132/fast] Error 2


Determining if the function _i64toa exists failed with the following output:
Change Dir: /tmp/hjo/dependencies/SDL2/build/CMakeFiles/CMakeTmp

Run Build Command:"/usr/bin/make" "cmTC_582be/fast"
/Library/Developer/CommandLineTools/usr/bin/make -f CMakeFiles/cmTC_582be.dir/build.make CMakeFiles/cmTC_582be.dir/build
Building C object CMakeFiles/cmTC_582be.dir/CheckFunctionExists.c.o
/Library/Developer/CommandLineTools/usr/bin/cc   -g -O3 -idirafter /tmp/hjo/dependencies/SDL2/src/video/khronos -DCHECK_FUNCTION_EXISTS=_i64toa   -o CMakeFiles/cmTC_582be.dir/CheckFunctionExists.c.o   -c /nfs/2018/h/hjo/.brew/Cellar/cmake/3.12.3/share/cmake/Modules/CheckFunctionExists.c
Linking C executable cmTC_582be
/nfs/2018/h/hjo/.brew/Cellar/cmake/3.12.3/bin/cmake -E cmake_link_script CMakeFiles/cmTC_582be.dir/link.txt --verbose=1
/Library/Developer/CommandLineTools/usr/bin/cc -g -O3 -idirafter /tmp/hjo/dependencies/SDL2/src/video/khronos -DCHECK_FUNCTION_EXISTS=_i64toa -Wl,-search_paths_first -Wl,-headerpad_max_install_names   CMakeFiles/cmTC_582be.dir/CheckFunctionExists.c.o  -o cmTC_582be 
Undefined symbols for architecture x86_64:
  "__i64toa", referenced from:
      _main in CheckFunctionExists.c.o
ld: symbol(s) not found for architecture x86_64
clang: error: linker command failed with exit code 1 (use -v to see invocation)
make[2]: *** [cmTC_582be] Error 1
make[1]: *** [cmTC_582be/fast] Error 2


Determining if the function _ui64toa exists failed with the following output:
Change Dir: /tmp/hjo/dependencies/SDL2/build/CMakeFiles/CMakeTmp

Run Build Command:"/usr/bin/make" "cmTC_5f22f/fast"
/Library/Developer/CommandLineTools/usr/bin/make -f CMakeFiles/cmTC_5f22f.dir/build.make CMakeFiles/cmTC_5f22f.dir/build
Building C object CMakeFiles/cmTC_5f22f.dir/CheckFunctionExists.c.o
/Library/Developer/CommandLineTools/usr/bin/cc   -g -O3 -idirafter /tmp/hjo/dependencies/SDL2/src/video/khronos -DCHECK_FUNCTION_EXISTS=_ui64toa   -o CMakeFiles/cmTC_5f22f.dir/CheckFunctionExists.c.o   -c /nfs/2018/h/hjo/.brew/Cellar/cmake/3.12.3/share/cmake/Modules/CheckFunctionExists.c
Linking C executable cmTC_5f22f
/nfs/2018/h/hjo/.brew/Cellar/cmake/3.12.3/bin/cmake -E cmake_link_script CMakeFiles/cmTC_5f22f.dir/link.txt --verbose=1
/Library/Developer/CommandLineTools/usr/bin/cc -g -O3 -idirafter /tmp/hjo/dependencies/SDL2/src/video/khronos -DCHECK_FUNCTION_EXISTS=_ui64toa -Wl,-search_paths_first -Wl,-headerpad_max_install_names   CMakeFiles/cmTC_5f22f.dir/CheckFunctionExists.c.o  -o cmTC_5f22f 
Undefined symbols for architecture x86_64:
  "__ui64toa", referenced from:
      _main in CheckFunctionExists.c.o
ld: symbol(s) not found for architecture x86_64
clang: error: linker command failed with exit code 1 (use -v to see invocation)
make[2]: *** [cmTC_5f22f] Error 1
make[1]: *** [cmTC_5f22f/fast] Error 2


Determining if the function _stricmp exists failed with the following output:
Change Dir: /tmp/hjo/dependencies/SDL2/build/CMakeFiles/CMakeTmp

Run Build Command:"/usr/bin/make" "cmTC_e3016/fast"
/Library/Developer/CommandLineTools/usr/bin/make -f CMakeFiles/cmTC_e3016.dir/build.make CMakeFiles/cmTC_e3016.dir/build
Building C object CMakeFiles/cmTC_e3016.dir/CheckFunctionExists.c.o
/Library/Developer/CommandLineTools/usr/bin/cc   -g -O3 -idirafter /tmp/hjo/dependencies/SDL2/src/video/khronos -DCHECK_FUNCTION_EXISTS=_stricmp   -o CMakeFiles/cmTC_e3016.dir/CheckFunctionExists.c.o   -c /nfs/2018/h/hjo/.brew/Cellar/cmake/3.12.3/share/cmake/Modules/CheckFunctionExists.c
Linking C executable cmTC_e3016
/nfs/2018/h/hjo/.brew/Cellar/cmake/3.12.3/bin/cmake -E cmake_link_script CMakeFiles/cmTC_e3016.dir/link.txt --verbose=1
/Library/Developer/CommandLineTools/usr/bin/cc -g -O3 -idirafter /tmp/hjo/dependencies/SDL2/src/video/khronos -DCHECK_FUNCTION_EXISTS=_stricmp -Wl,-search_paths_first -Wl,-headerpad_max_install_names   CMakeFiles/cmTC_e3016.dir/CheckFunctionExists.c.o  -o cmTC_e3016 
Undefined symbols for architecture x86_64:
  "__stricmp", referenced from:
      _main in CheckFunctionExists.c.o
ld: symbol(s) not found for architecture x86_64
clang: error: linker command failed with exit code 1 (use -v to see invocation)
make[2]: *** [cmTC_e3016] Error 1
make[1]: *** [cmTC_e3016/fast] Error 2


Determining if the function _strnicmp exists failed with the following output:
Change Dir: /tmp/hjo/dependencies/SDL2/build/CMakeFiles/CMakeTmp

Run Build Command:"/usr/bin/make" "cmTC_8986e/fast"
/Library/Developer/CommandLineTools/usr/bin/make -f CMakeFiles/cmTC_8986e.dir/build.make CMakeFiles/cmTC_8986e.dir/build
Building C object CMakeFiles/cmTC_8986e.dir/CheckFunctionExists.c.o
/Library/Developer/CommandLineTools/usr/bin/cc   -g -O3 -idirafter /tmp/hjo/dependencies/SDL2/src/video/khronos -DCHECK_FUNCTION_EXISTS=_strnicmp   -o CMakeFiles/cmTC_8986e.dir/CheckFunctionExists.c.o   -c /nfs/2018/h/hjo/.brew/Cellar/cmake/3.12.3/share/cmake/Modules/CheckFunctionExists.c
Linking C executable cmTC_8986e
/nfs/2018/h/hjo/.brew/Cellar/cmake/3.12.3/bin/cmake -E cmake_link_script CMakeFiles/cmTC_8986e.dir/link.txt --verbose=1
/Library/Developer/CommandLineTools/usr/bin/cc -g -O3 -idirafter /tmp/hjo/dependencies/SDL2/src/video/khronos -DCHECK_FUNCTION_EXISTS=_strnicmp -Wl,-search_paths_first -Wl,-headerpad_max_install_names   CMakeFiles/cmTC_8986e.dir/CheckFunctionExists.c.o  -o cmTC_8986e 
Undefined symbols for architecture x86_64:
  "__strnicmp", referenced from:
      _main in CheckFunctionExists.c.o
ld: symbol(s) not found for architecture x86_64
clang: error: linker command failed with exit code 1 (use -v to see invocation)
make[2]: *** [cmTC_8986e] Error 1
make[1]: *** [cmTC_8986e/fast] Error 2


Determining if the function fopen64 exists failed with the following output:
Change Dir: /tmp/hjo/dependencies/SDL2/build/CMakeFiles/CMakeTmp

Run Build Command:"/usr/bin/make" "cmTC_6ac00/fast"
/Library/Developer/CommandLineTools/usr/bin/make -f CMakeFiles/cmTC_6ac00.dir/build.make CMakeFiles/cmTC_6ac00.dir/build
Building C object CMakeFiles/cmTC_6ac00.dir/CheckFunctionExists.c.o
/Library/Developer/CommandLineTools/usr/bin/cc   -g -O3 -idirafter /tmp/hjo/dependencies/SDL2/src/video/khronos -DCHECK_FUNCTION_EXISTS=fopen64   -o CMakeFiles/cmTC_6ac00.dir/CheckFunctionExists.c.o   -c /nfs/2018/h/hjo/.brew/Cellar/cmake/3.12.3/share/cmake/Modules/CheckFunctionExists.c
Linking C executable cmTC_6ac00
/nfs/2018/h/hjo/.brew/Cellar/cmake/3.12.3/bin/cmake -E cmake_link_script CMakeFiles/cmTC_6ac00.dir/link.txt --verbose=1
/Library/Developer/CommandLineTools/usr/bin/cc -g -O3 -idirafter /tmp/hjo/dependencies/SDL2/src/video/khronos -DCHECK_FUNCTION_EXISTS=fopen64 -Wl,-search_paths_first -Wl,-headerpad_max_install_names   CMakeFiles/cmTC_6ac00.dir/CheckFunctionExists.c.o  -o cmTC_6ac00 
Undefined symbols for architecture x86_64:
  "_fopen64", referenced from:
      _main in CheckFunctionExists.c.o
ld: symbol(s) not found for architecture x86_64
clang: error: linker command failed with exit code 1 (use -v to see invocation)
make[2]: *** [cmTC_6ac00] Error 1
make[1]: *** [cmTC_6ac00/fast] Error 2


Determining if the function fseeko64 exists failed with the following output:
Change Dir: /tmp/hjo/dependencies/SDL2/build/CMakeFiles/CMakeTmp

Run Build Command:"/usr/bin/make" "cmTC_8da7c/fast"
/Library/Developer/CommandLineTools/usr/bin/make -f CMakeFiles/cmTC_8da7c.dir/build.make CMakeFiles/cmTC_8da7c.dir/build
Building C object CMakeFiles/cmTC_8da7c.dir/CheckFunctionExists.c.o
/Library/Developer/CommandLineTools/usr/bin/cc   -g -O3 -idirafter /tmp/hjo/dependencies/SDL2/src/video/khronos -DCHECK_FUNCTION_EXISTS=fseeko64   -o CMakeFiles/cmTC_8da7c.dir/CheckFunctionExists.c.o   -c /nfs/2018/h/hjo/.brew/Cellar/cmake/3.12.3/share/cmake/Modules/CheckFunctionExists.c
Linking C executable cmTC_8da7c
/nfs/2018/h/hjo/.brew/Cellar/cmake/3.12.3/bin/cmake -E cmake_link_script CMakeFiles/cmTC_8da7c.dir/link.txt --verbose=1
/Library/Developer/CommandLineTools/usr/bin/cc -g -O3 -idirafter /tmp/hjo/dependencies/SDL2/src/video/khronos -DCHECK_FUNCTION_EXISTS=fseeko64 -Wl,-search_paths_first -Wl,-headerpad_max_install_names   CMakeFiles/cmTC_8da7c.dir/CheckFunctionExists.c.o  -o cmTC_8da7c 
Undefined symbols for architecture x86_64:
  "_fseeko64", referenced from:
      _main in CheckFunctionExists.c.o
ld: symbol(s) not found for architecture x86_64
clang: error: linker command failed with exit code 1 (use -v to see invocation)
make[2]: *** [cmTC_8da7c] Error 1
make[1]: *** [cmTC_8da7c/fast] Error 2


Determining if the function getauxval exists failed with the following output:
Change Dir: /tmp/hjo/dependencies/SDL2/build/CMakeFiles/CMakeTmp

Run Build Command:"/usr/bin/make" "cmTC_4b60b/fast"
/Library/Developer/CommandLineTools/usr/bin/make -f CMakeFiles/cmTC_4b60b.dir/build.make CMakeFiles/cmTC_4b60b.dir/build
Building C object CMakeFiles/cmTC_4b60b.dir/CheckFunctionExists.c.o
/Library/Developer/CommandLineTools/usr/bin/cc   -g -O3 -idirafter /tmp/hjo/dependencies/SDL2/src/video/khronos -DCHECK_FUNCTION_EXISTS=getauxval   -o CMakeFiles/cmTC_4b60b.dir/CheckFunctionExists.c.o   -c /nfs/2018/h/hjo/.brew/Cellar/cmake/3.12.3/share/cmake/Modules/CheckFunctionExists.c
Linking C executable cmTC_4b60b
/nfs/2018/h/hjo/.brew/Cellar/cmake/3.12.3/bin/cmake -E cmake_link_script CMakeFiles/cmTC_4b60b.dir/link.txt --verbose=1
/Library/Developer/CommandLineTools/usr/bin/cc -g -O3 -idirafter /tmp/hjo/dependencies/SDL2/src/video/khronos -DCHECK_FUNCTION_EXISTS=getauxval -Wl,-search_paths_first -Wl,-headerpad_max_install_names   CMakeFiles/cmTC_4b60b.dir/CheckFunctionExists.c.o  -o cmTC_4b60b 
Undefined symbols for architecture x86_64:
  "_getauxval", referenced from:
      _main in CheckFunctionExists.c.o
ld: symbol(s) not found for architecture x86_64
clang: error: linker command failed with exit code 1 (use -v to see invocation)
make[2]: *** [cmTC_4b60b] Error 1
make[1]: *** [cmTC_4b60b/fast] Error 2


Performing C SOURCE FILE Test HAVE_SEM_TIMEDWAIT failed with the following output:
Change Dir: /tmp/hjo/dependencies/SDL2/build/CMakeFiles/CMakeTmp

Run Build Command:"/usr/bin/make" "cmTC_df2c6/fast"
/Library/Developer/CommandLineTools/usr/bin/make -f CMakeFiles/cmTC_df2c6.dir/build.make CMakeFiles/cmTC_df2c6.dir/build
Building C object CMakeFiles/cmTC_df2c6.dir/src.c.o
/Library/Developer/CommandLineTools/usr/bin/cc   -g -O3 -idirafter /tmp/hjo/dependencies/SDL2/src/video/khronos -DHAVE_SEM_TIMEDWAIT  -D_THREAD_SAFE   -o CMakeFiles/cmTC_df2c6.dir/src.c.o   -c /tmp/hjo/dependencies/SDL2/build/CMakeFiles/CMakeTmp/src.c
/tmp/hjo/dependencies/SDL2/build/CMakeFiles/CMakeTmp/src.c:5:19: warning: implicit declaration of function 'sem_timedwait' is invalid in C99 [-Wimplicit-function-declaration]
                  sem_timedwait(NULL, NULL);
                  ^
1 warning generated.
Linking C executable cmTC_df2c6
/nfs/2018/h/hjo/.brew/Cellar/cmake/3.12.3/bin/cmake -E cmake_link_script CMakeFiles/cmTC_df2c6.dir/link.txt --verbose=1
/Library/Developer/CommandLineTools/usr/bin/cc -g -O3 -idirafter /tmp/hjo/dependencies/SDL2/src/video/khronos -DHAVE_SEM_TIMEDWAIT  -D_THREAD_SAFE -Wl,-search_paths_first -Wl,-headerpad_max_install_names   CMakeFiles/cmTC_df2c6.dir/src.c.o  -o cmTC_df2c6 
Undefined symbols for architecture x86_64:
  "_sem_timedwait", referenced from:
      _main in src.c.o
ld: symbol(s) not found for architecture x86_64
clang: error: linker command failed with exit code 1 (use -v to see invocation)
make[2]: *** [cmTC_df2c6] Error 1
make[1]: *** [cmTC_df2c6/fast] Error 2

Source file was:

              #include <pthread.h>
              #include <semaphore.h>
              int main(int argc, char **argv) {
                  sem_timedwait(NULL, NULL);
                  return 0;
              }
Performing C SOURCE FILE Test HAVE_PTHREAD_NP_H failed with the following output:
Change Dir: /tmp/hjo/dependencies/SDL2/build/CMakeFiles/CMakeTmp

Run Build Command:"/usr/bin/make" "cmTC_b0d47/fast"
/Library/Developer/CommandLineTools/usr/bin/make -f CMakeFiles/cmTC_b0d47.dir/build.make CMakeFiles/cmTC_b0d47.dir/build
Building C object CMakeFiles/cmTC_b0d47.dir/src.c.o
/Library/Developer/CommandLineTools/usr/bin/cc   -g -O3 -idirafter /tmp/hjo/dependencies/SDL2/src/video/khronos -DHAVE_PTHREAD_NP_H  -D_THREAD_SAFE   -o CMakeFiles/cmTC_b0d47.dir/src.c.o   -c /tmp/hjo/dependencies/SDL2/build/CMakeFiles/CMakeTmp/src.c
/tmp/hjo/dependencies/SDL2/build/CMakeFiles/CMakeTmp/src.c:3:20: fatal error: 'pthread_np.h' file not found
          #include <pthread_np.h>
                   ^~~~~~~~~~~~~~
1 error generated.
make[2]: *** [CMakeFiles/cmTC_b0d47.dir/src.c.o] Error 1
make[1]: *** [cmTC_b0d47/fast] Error 2

Source file was:

          #include <pthread.h>
          #include <pthread_np.h>
          int main(int argc, char** argv) { return 0; }
Determining if the function pthread_set_name_np exists failed with the following output:
Change Dir: /tmp/hjo/dependencies/SDL2/build/CMakeFiles/CMakeTmp

Run Build Command:"/usr/bin/make" "cmTC_4a78b/fast"
/Library/Developer/CommandLineTools/usr/bin/make -f CMakeFiles/cmTC_4a78b.dir/build.make CMakeFiles/cmTC_4a78b.dir/build
Building C object CMakeFiles/cmTC_4a78b.dir/CheckFunctionExists.c.o
/Library/Developer/CommandLineTools/usr/bin/cc   -g -O3 -idirafter /tmp/hjo/dependencies/SDL2/src/video/khronos -DCHECK_FUNCTION_EXISTS=pthread_set_name_np  -D_THREAD_SAFE   -o CMakeFiles/cmTC_4a78b.dir/CheckFunctionExists.c.o   -c /nfs/2018/h/hjo/.brew/Cellar/cmake/3.12.3/share/cmake/Modules/CheckFunctionExists.c
Linking C executable cmTC_4a78b
/nfs/2018/h/hjo/.brew/Cellar/cmake/3.12.3/bin/cmake -E cmake_link_script CMakeFiles/cmTC_4a78b.dir/link.txt --verbose=1
/Library/Developer/CommandLineTools/usr/bin/cc -g -O3 -idirafter /tmp/hjo/dependencies/SDL2/src/video/khronos -DCHECK_FUNCTION_EXISTS=pthread_set_name_np  -D_THREAD_SAFE -Wl,-search_paths_first -Wl,-headerpad_max_install_names   CMakeFiles/cmTC_4a78b.dir/CheckFunctionExists.c.o  -o cmTC_4a78b 
Undefined symbols for architecture x86_64:
  "_pthread_set_name_np", referenced from:
      _main in CheckFunctionExists.c.o
ld: symbol(s) not found for architecture x86_64
clang: error: linker command failed with exit code 1 (use -v to see invocation)
make[2]: *** [cmTC_4a78b] Error 1
make[1]: *** [cmTC_4a78b/fast] Error 2


